2025-04-02 17:52:25,685 - INFO - Successfully read the yaml file
2025-04-02 17:52:25,685 - INFO - Data ingestion started with hotel_reserve and file is Hotel_Reservations.csv
2025-04-02 17:52:25,685 - INFO - Starting data ingestion process
2025-04-02 17:52:28,704 - INFO - CSV file is successfully downlaoed to artifacts/raw\raw.csv
2025-04-02 17:52:28,704 - INFO - Starting the splitting process
2025-04-02 17:52:28,933 - INFO - Train data saved to artifacts/raw\train.csv
2025-04-02 17:52:28,933 - INFO - Test data saved to artifacts/raw\test.csv
2025-04-02 17:52:28,938 - INFO - Data ingestion completed successfully
2025-04-02 17:52:28,938 - INFO - Data ingestion completed
2025-04-02 17:52:28,942 - INFO - Successfully read the yaml file
2025-04-02 17:52:28,942 - INFO - Loading the Data from raw directory
2025-04-02 17:52:28,942 - INFO - loading data
2025-04-02 17:52:29,000 - INFO - loading data
2025-04-02 17:52:29,021 - INFO - Starting our data processing step
2025-04-02 17:52:29,021 - INFO - Droping the columns
2025-04-02 17:52:29,054 - INFO - Appplying Label Encoding
2025-04-02 17:52:29,067 - INFO - label mappings are: 
2025-04-02 17:52:29,067 - INFO - type_of_meal_plan : {'Meal Plan 1': np.int64(0), 'Meal Plan 2': np.int64(1), 'Meal Plan 3': np.int64(2), 'Not Selected': np.int64(3)}
2025-04-02 17:52:29,067 - INFO - required_car_parking_space : {np.int64(0): np.int64(0), np.int64(1): np.int64(1)}
2025-04-02 17:52:29,067 - INFO - room_type_reserved : {'Room_Type 1': np.int64(0), 'Room_Type 2': np.int64(1), 'Room_Type 3': np.int64(2), 'Room_Type 4': np.int64(3), 'Room_Type 5': np.int64(4), 'Room_Type 6': np.int64(5), 'Room_Type 7': np.int64(6)}
2025-04-02 17:52:29,067 - INFO - market_segment_type : {'Aviation': np.int64(0), 'Complementary': np.int64(1), 'Corporate': np.int64(2), 'Offline': np.int64(3), 'Online': np.int64(4)}
2025-04-02 17:52:29,067 - INFO - repeated_guest : {np.int64(0): np.int64(0), np.int64(1): np.int64(1)}
2025-04-02 17:52:29,067 - INFO - booking_status : {'Canceled': np.int64(0), 'Not_Canceled': np.int64(1)}
2025-04-02 17:52:29,067 - INFO - Doing Skewness Handling
2025-04-02 17:52:29,071 - INFO - Starting our data processing step
2025-04-02 17:52:29,071 - INFO - Droping the columns
2025-04-02 17:52:29,075 - INFO - Appplying Label Encoding
2025-04-02 17:52:29,079 - INFO - label mappings are: 
2025-04-02 17:52:29,079 - INFO - type_of_meal_plan : {'Meal Plan 1': np.int64(0), 'Meal Plan 2': np.int64(1), 'Meal Plan 3': np.int64(2), 'Not Selected': np.int64(3)}
2025-04-02 17:52:29,079 - INFO - required_car_parking_space : {np.int64(0): np.int64(0), np.int64(1): np.int64(1)}
2025-04-02 17:52:29,079 - INFO - room_type_reserved : {'Room_Type 1': np.int64(0), 'Room_Type 2': np.int64(1), 'Room_Type 3': np.int64(2), 'Room_Type 4': np.int64(3), 'Room_Type 5': np.int64(4), 'Room_Type 6': np.int64(5), 'Room_Type 7': np.int64(6)}
2025-04-02 17:52:29,079 - INFO - market_segment_type : {'Aviation': np.int64(0), 'Complementary': np.int64(1), 'Corporate': np.int64(2), 'Offline': np.int64(3), 'Online': np.int64(4)}
2025-04-02 17:52:29,079 - INFO - repeated_guest : {np.int64(0): np.int64(0), np.int64(1): np.int64(1)}
2025-04-02 17:52:29,079 - INFO - booking_status : {'Canceled': np.int64(0), 'Not_Canceled': np.int64(1)}
2025-04-02 17:52:29,079 - INFO - Doing Skewness Handling
2025-04-02 17:52:29,079 - INFO - Handling imbalanced data
2025-04-02 17:52:29,338 - INFO - Data Balanced Successfully
2025-04-02 17:52:29,341 - INFO - Handling imbalanced data
2025-04-02 17:52:29,421 - INFO - Data Balanced Successfully
2025-04-02 17:52:29,421 - INFO - starting our feature selection step
2025-04-02 17:52:31,933 - INFO - features selected : ['lead_time' 'no_of_special_requests' 'avg_price_per_room' 'arrival_month'
 'arrival_date' 'market_segment_type' 'no_of_week_nights'
 'no_of_weekend_nights' 'type_of_meal_plan' 'room_type_reserved']
2025-04-02 17:52:31,933 - INFO - Feature Selection completed successfully
2025-04-02 17:52:31,941 - INFO - Saving our data in processed folder
2025-04-02 17:52:32,000 - INFO - Data saved successfully to artifacts/processed\processed_train.csv
2025-04-02 17:52:32,000 - INFO - Saving our data in processed folder
2025-04-02 17:52:32,021 - INFO - Data saved successfully to artifacts/processed\processed_test.csv
2025-04-02 17:52:32,021 - INFO - Data processing completed successfully
2025-04-02 17:52:32,979 - INFO - Starting our Model training pipeline
2025-04-02 17:52:32,979 - INFO - Starting our MLFLOW Experimentation
2025-04-02 17:52:32,979 - INFO - Logging the training and testing dataset to MLFLOW
2025-04-02 17:52:32,987 - INFO - Loading data from artifacts/processed\processed_train.csv
2025-04-02 17:52:32,987 - INFO - loading data
2025-04-02 17:52:33,021 - INFO - Loading data from artifacts/processed\processed_test.csv
2025-04-02 17:52:33,021 - INFO - loading data
2025-04-02 17:52:33,054 - INFO - Data Splittted succesfully for Model Training
2025-04-02 17:52:33,054 - INFO - Initializing our Model
2025-04-02 17:52:33,054 - INFO - Starting Our Hyperparameter tuning
2025-04-02 17:52:33,054 - INFO - Starting our model training
2025-04-02 17:52:54,605 - INFO - Hyperparameter Tuning Completed
2025-04-02 17:52:54,606 - INFO - Best params {'boosting_type': 'gbdt', 'learning_rate': np.float64(0.1293700315892974), 'max_depth': 23, 'n_estimators': 314, 'num_leaves': 94}
2025-04-02 17:52:54,606 - INFO - Evaluating our model
2025-04-02 17:52:54,638 - INFO - Accuracy Score : 0.8801426872770511
2025-04-02 17:52:54,638 - INFO - Precision Score : 0.8653714285714286
2025-04-02 17:52:54,638 - INFO - Recall Score : 0.9003567181926279
2025-04-02 17:52:54,638 - INFO - F1 Score : 0.8825174825174825
2025-04-02 17:52:54,638 - INFO - Saving the model
2025-04-02 17:52:54,671 - INFO - Model saved to artifacts/model/lgbm_model.pkl
2025-04-02 17:52:54,671 - INFO - Logging the Model into MLFLOW
2025-04-02 17:52:54,676 - INFO - Logging theParams and metrics into MLFLOW
2025-04-02 17:52:54,696 - INFO - Model Training successfully completed
