2025-03-25 10:19:32,823 - INFO - Successfully read the yaml file
2025-03-25 10:19:32,823 - INFO - Data ingestion started with my_bucket_1423 and file is Hotel_Reservations.csv
2025-03-25 10:19:32,823 - INFO - Starting data ingestion process
2025-03-25 10:19:34,330 - INFO - CSV file is successfully downlaoed to artifacts/raw\raw.csv
2025-03-25 10:19:34,330 - INFO - Starting the splitting process
2025-03-25 10:19:34,498 - INFO - Train data saved to artifacts/raw\train.csv
2025-03-25 10:19:34,498 - INFO - Test data saved to artifacts/raw\test.csv
2025-03-25 10:19:34,498 - INFO - Data ingestion completed successfully
2025-03-25 10:19:34,498 - INFO - Data ingestion completed
2025-03-25 10:19:34,498 - INFO - Successfully read the yaml file
2025-03-25 10:19:34,498 - INFO - Loading the Data from raw directory
2025-03-25 10:19:34,498 - INFO - loading data
2025-03-25 10:19:34,559 - INFO - loading data
2025-03-25 10:19:34,589 - INFO - Starting our data processing step
2025-03-25 10:19:34,589 - INFO - Droping the columns
2025-03-25 10:19:34,604 - INFO - Appplying Label Encoding
2025-03-25 10:19:34,615 - INFO - label mappings are: 
2025-03-25 10:19:34,615 - INFO - type_of_meal_plan : {'Meal Plan 1': np.int64(0), 'Meal Plan 2': np.int64(1), 'Meal Plan 3': np.int64(2), 'Not Selected': np.int64(3)}
2025-03-25 10:19:34,615 - INFO - required_car_parking_space : {np.int64(0): np.int64(0), np.int64(1): np.int64(1)}
2025-03-25 10:19:34,615 - INFO - room_type_reserved : {'Room_Type 1': np.int64(0), 'Room_Type 2': np.int64(1), 'Room_Type 3': np.int64(2), 'Room_Type 4': np.int64(3), 'Room_Type 5': np.int64(4), 'Room_Type 6': np.int64(5), 'Room_Type 7': np.int64(6)}
2025-03-25 10:19:34,615 - INFO - market_segment_type : {'Aviation': np.int64(0), 'Complementary': np.int64(1), 'Corporate': np.int64(2), 'Offline': np.int64(3), 'Online': np.int64(4)}
2025-03-25 10:19:34,615 - INFO - repeated_guest : {np.int64(0): np.int64(0), np.int64(1): np.int64(1)}
2025-03-25 10:19:34,615 - INFO - booking_status : {'Canceled': np.int64(0), 'Not_Canceled': np.int64(1)}
2025-03-25 10:19:34,615 - INFO - Doing Skewness Handling
2025-03-25 10:19:34,616 - INFO - Starting our data processing step
2025-03-25 10:19:34,616 - INFO - Droping the columns
2025-03-25 10:19:34,619 - INFO - Appplying Label Encoding
2025-03-25 10:19:34,625 - INFO - label mappings are: 
2025-03-25 10:19:34,625 - INFO - type_of_meal_plan : {'Meal Plan 1': np.int64(0), 'Meal Plan 2': np.int64(1), 'Meal Plan 3': np.int64(2), 'Not Selected': np.int64(3)}
2025-03-25 10:19:34,625 - INFO - required_car_parking_space : {np.int64(0): np.int64(0), np.int64(1): np.int64(1)}
2025-03-25 10:19:34,625 - INFO - room_type_reserved : {'Room_Type 1': np.int64(0), 'Room_Type 2': np.int64(1), 'Room_Type 3': np.int64(2), 'Room_Type 4': np.int64(3), 'Room_Type 5': np.int64(4), 'Room_Type 6': np.int64(5), 'Room_Type 7': np.int64(6)}
2025-03-25 10:19:34,625 - INFO - market_segment_type : {'Aviation': np.int64(0), 'Complementary': np.int64(1), 'Corporate': np.int64(2), 'Offline': np.int64(3), 'Online': np.int64(4)}
2025-03-25 10:19:34,625 - INFO - repeated_guest : {np.int64(0): np.int64(0), np.int64(1): np.int64(1)}
2025-03-25 10:19:34,625 - INFO - booking_status : {'Canceled': np.int64(0), 'Not_Canceled': np.int64(1)}
2025-03-25 10:19:34,625 - INFO - Doing Skewness Handling
2025-03-25 10:19:34,625 - INFO - Handling imbalanced data
2025-03-25 10:19:34,804 - INFO - Data Balanced Successfully
2025-03-25 10:19:34,805 - INFO - Handling imbalanced data
2025-03-25 10:19:34,879 - INFO - Data Balanced Successfully
2025-03-25 10:19:34,879 - INFO - starting our feature selection step
2025-03-25 10:19:37,196 - INFO - features selected : ['lead_time' 'no_of_special_requests' 'avg_price_per_room' 'arrival_month'
 'arrival_date' 'market_segment_type' 'no_of_week_nights'
 'no_of_weekend_nights' 'type_of_meal_plan' 'room_type_reserved']
2025-03-25 10:19:37,196 - INFO - Feature Selection completed successfully
2025-03-25 10:19:37,196 - INFO - Saving our data in processed folder
2025-03-25 10:19:37,250 - INFO - Data saved successfully to artifacts/processed\processed_train.csv
2025-03-25 10:19:37,250 - INFO - Saving our data in processed folder
2025-03-25 10:19:37,277 - INFO - Data saved successfully to artifacts/processed\processed_test.csv
2025-03-25 10:19:37,277 - INFO - Data processing completed successfully
2025-03-25 10:19:37,799 - INFO - Starting our Model training pipeline
2025-03-25 10:19:37,799 - INFO - Starting our MLFLOW Experimentation
2025-03-25 10:19:37,799 - INFO - Logging the training and testing dataset to MLFLOW
2025-03-25 10:19:37,811 - INFO - Loading data from artifacts/processed\processed_train.csv
2025-03-25 10:19:37,811 - INFO - loading data
2025-03-25 10:19:37,827 - INFO - Loading data from artifacts/processed\processed_test.csv
2025-03-25 10:19:37,827 - INFO - loading data
2025-03-25 10:19:37,843 - INFO - Data Splittted succesfully for Model Training
2025-03-25 10:19:37,843 - INFO - Initializing our Model
2025-03-25 10:19:37,843 - INFO - Starting Our Hyperparameter tuning
2025-03-25 10:19:37,843 - INFO - Starting our model training
2025-03-25 10:19:56,993 - INFO - Hyperparameter Tuning Completed
2025-03-25 10:19:56,993 - INFO - Best params {'boosting_type': 'gbdt', 'learning_rate': np.float64(0.1293700315892974), 'max_depth': 23, 'n_estimators': 314, 'num_leaves': 94}
2025-03-25 10:19:56,993 - INFO - Evaluating our model
2025-03-25 10:19:57,024 - INFO - Accuracy Score : 0.8801426872770511
2025-03-25 10:19:57,024 - INFO - Precision Score : 0.8653714285714286
2025-03-25 10:19:57,024 - INFO - Recall Score : 0.9003567181926279
2025-03-25 10:19:57,024 - INFO - F1 Score : 0.8825174825174825
2025-03-25 10:19:57,024 - INFO - Saving the model
2025-03-25 10:19:57,040 - INFO - Model saved to artifacts/model/lgbm_model.pkl
2025-03-25 10:19:57,040 - INFO - Logging the Model into MLFLOW
2025-03-25 10:19:57,058 - INFO - Logging theParams and metrics into MLFLOW
2025-03-25 10:19:57,076 - INFO - Model Training successfully completed
