2025-03-22 11:47:56,179 - INFO - Successfully read the yaml file
2025-03-22 11:47:56,179 - INFO - Data ingestion started with hotel_reservation_1423 and file is Hotel_Reservations.csv
2025-03-22 11:47:56,179 - INFO - Starting data ingestion process
2025-03-22 11:47:58,715 - INFO - CSV file is successfully downlaoed to artifacts/raw\raw.csv
2025-03-22 11:47:58,716 - INFO - Starting the splitting process
2025-03-22 11:47:58,909 - INFO - Train data saved to artifacts/raw\train.csv
2025-03-22 11:47:58,909 - INFO - Test data saved to artifacts/raw\test.csv
2025-03-22 11:47:58,912 - INFO - Data ingestion completed successfully
2025-03-22 11:47:58,912 - INFO - Data ingestion completed
2025-03-22 23:51:30,815 - INFO - Successfully read the yaml file
2025-03-22 23:51:30,815 - INFO - Loading the Data from raw directory
2025-03-22 23:51:30,815 - INFO - loading data
2025-03-22 23:51:30,866 - INFO - loading data
2025-03-22 23:51:30,894 - INFO - Starting our data processing step
2025-03-22 23:51:30,894 - INFO - Droping the columns
2025-03-22 23:51:30,905 - INFO - Appplying Label Encoding
2025-03-22 23:51:30,913 - INFO - label mappings are: 
2025-03-22 23:51:30,913 - INFO - type_of_meal_plan : {'Meal Plan 1': np.int64(0), 'Meal Plan 2': np.int64(1), 'Meal Plan 3': np.int64(2), 'Not Selected': np.int64(3)}
2025-03-22 23:51:30,913 - INFO - required_car_parking_space : {np.int64(0): np.int64(0), np.int64(1): np.int64(1)}
2025-03-22 23:51:30,913 - INFO - room_type_reserved : {'Room_Type 1': np.int64(0), 'Room_Type 2': np.int64(1), 'Room_Type 3': np.int64(2), 'Room_Type 4': np.int64(3), 'Room_Type 5': np.int64(4), 'Room_Type 6': np.int64(5), 'Room_Type 7': np.int64(6)}
2025-03-22 23:51:30,913 - INFO - market_segment_type : {'Aviation': np.int64(0), 'Complementary': np.int64(1), 'Corporate': np.int64(2), 'Offline': np.int64(3), 'Online': np.int64(4)}
2025-03-22 23:51:30,913 - INFO - repeated_guest : {np.int64(0): np.int64(0), np.int64(1): np.int64(1)}
2025-03-22 23:51:30,913 - INFO - booking_status : {'Canceled': np.int64(0), 'Not_Canceled': np.int64(1)}
2025-03-22 23:51:30,913 - INFO - Doing Skewness Handling
2025-03-22 23:51:30,913 - INFO - Starting our data processing step
2025-03-22 23:51:30,913 - INFO - Droping the columns
2025-03-22 23:51:30,921 - INFO - Appplying Label Encoding
2025-03-22 23:51:30,921 - INFO - label mappings are: 
2025-03-22 23:51:30,921 - INFO - type_of_meal_plan : {'Meal Plan 1': np.int64(0), 'Meal Plan 2': np.int64(1), 'Meal Plan 3': np.int64(2), 'Not Selected': np.int64(3)}
2025-03-22 23:51:30,921 - INFO - required_car_parking_space : {np.int64(0): np.int64(0), np.int64(1): np.int64(1)}
2025-03-22 23:51:30,921 - INFO - room_type_reserved : {'Room_Type 1': np.int64(0), 'Room_Type 2': np.int64(1), 'Room_Type 3': np.int64(2), 'Room_Type 4': np.int64(3), 'Room_Type 5': np.int64(4), 'Room_Type 6': np.int64(5), 'Room_Type 7': np.int64(6)}
2025-03-22 23:51:30,921 - INFO - market_segment_type : {'Aviation': np.int64(0), 'Complementary': np.int64(1), 'Corporate': np.int64(2), 'Offline': np.int64(3), 'Online': np.int64(4)}
2025-03-22 23:51:30,921 - INFO - repeated_guest : {np.int64(0): np.int64(0), np.int64(1): np.int64(1)}
2025-03-22 23:51:30,921 - INFO - booking_status : {'Canceled': np.int64(0), 'Not_Canceled': np.int64(1)}
2025-03-22 23:51:30,921 - INFO - Doing Skewness Handling
2025-03-22 23:51:30,921 - INFO - Handling imbalanced data
2025-03-22 23:51:31,132 - INFO - Data Balanced Successfully
2025-03-22 23:51:31,132 - INFO - Handling imbalanced data
2025-03-22 23:51:31,221 - INFO - Data Balanced Successfully
2025-03-22 23:51:31,221 - INFO - starting our feature selection step
2025-03-22 23:51:33,495 - INFO - features selected : ['lead_time' 'no_of_special_requests' 'avg_price_per_room' 'arrival_month'
 'arrival_date' 'market_segment_type' 'no_of_week_nights'
 'no_of_weekend_nights' 'type_of_meal_plan' 'room_type_reserved']
2025-03-22 23:51:33,496 - INFO - Feature Selection completed successfully
2025-03-22 23:51:33,506 - INFO - Saving our data in processed folder
2025-03-22 23:51:33,556 - INFO - Data saved successfully to artifacts/processed\processed_train.csv
2025-03-22 23:51:33,556 - INFO - Saving our data in processed folder
2025-03-22 23:51:33,573 - INFO - Data saved successfully to artifacts/processed\processed_test.csv
2025-03-22 23:51:33,573 - INFO - Data processing completed successfully
